[debug] [2024-09-27T17:06:37.971Z] ----------------------------------------------------------------------
[debug] [2024-09-27T17:06:37.976Z] Command:       C:\Program Files\nodejs\node.exe C:\Users\Juan Andrés\AppData\Roaming\npm\node_modules\firebase-tools\lib\bin\firebase.js init
[debug] [2024-09-27T17:06:37.976Z] CLI Version:   13.20.0
[debug] [2024-09-27T17:06:37.977Z] Platform:      win32
[debug] [2024-09-27T17:06:37.977Z] Node Version:  v20.16.0
[debug] [2024-09-27T17:06:37.977Z] Time:          Fri Sep 27 2024 12:06:37 GMT-0500 (hora estándar de Colombia)
[debug] [2024-09-27T17:06:37.977Z] ----------------------------------------------------------------------
[debug] 
[debug] [2024-09-27T17:06:37.992Z] > command requires scopes: ["email","openid","https://www.googleapis.com/auth/cloudplatformprojects.readonly","https://www.googleapis.com/auth/firebase","https://www.googleapis.com/auth/cloud-platform"]
[debug] [2024-09-27T17:06:37.993Z] > authorizing via signed-in user (juanandres1029@gmail.com)
[info] 
     ######## #### ########  ######## ########     ###     ######  ########
     ##        ##  ##     ## ##       ##     ##  ##   ##  ##       ##
     ######    ##  ########  ######   ########  #########  ######  ######
     ##        ##  ##    ##  ##       ##     ## ##     ##       ## ##
     ##       #### ##     ## ######## ########  ##     ##  ######  ########

You're about to initialize a Firebase project in this directory:

  C:\Users\Juan Andrés\Desktop\programacion\planificador\tareas

[info] 
=== Project Setup
[info] 
[info] First, let's associate this project directory with a Firebase project.
[info] You can create multiple project aliases by running firebase use --add, 
[info] but for now we'll just set up a default project.
[info] 
[debug] [2024-09-27T17:06:57.348Z] >>> [apiv2][query] GET https://firebase.googleapis.com/v1beta1/projects pageSize=100
[debug] [2024-09-27T17:06:58.122Z] <<< [apiv2][status] GET https://firebase.googleapis.com/v1beta1/projects 200
[debug] [2024-09-27T17:06:58.123Z] <<< [apiv2][body] GET https://firebase.googleapis.com/v1beta1/projects [omitted]
[info] i  Using project mymusictasks (mymusictasks) 
[info] 
=== Hosting Setup
[debug] [2024-09-27T17:07:06.698Z] >>> [apiv2][query] GET https://firebase.googleapis.com/v1beta1/projects/mymusictasks [none]
[debug] [2024-09-27T17:07:11.617Z] <<< [apiv2][status] GET https://firebase.googleapis.com/v1beta1/projects/mymusictasks 200
[debug] [2024-09-27T17:07:11.618Z] <<< [apiv2][body] GET https://firebase.googleapis.com/v1beta1/projects/mymusictasks {"projectId":"mymusictasks","projectNumber":"148345752462","displayName":"mymusictasks","name":"projects/mymusictasks","resources":{"hostingSite":"mymusictasks"},"state":"ACTIVE","etag":"1_ab32df4f-dd22-4fda-ba9c-86408b2c1251"}
[info] 
[info] Your public directory is the folder (relative to your project directory) that
[info] will contain Hosting assets to be uploaded with firebase deploy. If you
[info] have a build process for your assets, use your build's output directory.
[info] 
